npm verb cli C:\Program Files\nodejs\node.exe C:\Program Files\nodejs\node_modules\npm\bin\npm-cli.js
npm info using npm@10.5.0
npm info using node@v20.12.1
npm verb title npm install
npm verb argv "install" "--legacy-peer-deps" "--loglevel" "verbose"
npm verb logfile logs-max:10 dir:C:\Users\sier2\AppData\Local\npm-cache\_logs\2024-08-11T19_22_31_484Z-
npm verb logfile C:\Users\sier2\AppData\Local\npm-cache\_logs\2024-08-11T19_22_31_484Z-debug-0.log
npm http fetch GET 200 https://registry.npmjs.org/@faker-js%2ffaker 169ms (cache revalidated)
npm http fetch GET 200 https://registry.npmjs.org/cypress-mochawesome-reporter 51ms (cache revalidated)
npm http fetch GET 200 https://registry.npmjs.org/browserstack-cypress-cli 623ms (cache revalidated)
npm http fetch GET 200 https://registry.npmjs.org/cypress 42ms (cache revalidated)
npm http fetch GET 200 https://registry.npmjs.org/archiver 89ms (cache revalidated)
npm http fetch GET 200 https://registry.npmjs.org/glob 115ms (cache revalidated)
npm http fetch GET 200 https://registry.npmjs.org/mkdirp 122ms (cache revalidated)
npm http fetch GET 200 https://registry.npmjs.org/request 133ms (cache revalidated)
npm http fetch GET 200 https://registry.npmjs.org/chalk 143ms (cache revalidated)
npm http fetch GET 200 https://registry.npmjs.org/fs-extra 145ms (cache revalidated)
npm http fetch GET 200 https://registry.npmjs.org/gitconfiglocal 151ms (cache revalidated)
npm http fetch GET 200 https://registry.npmjs.org/cli-progress 154ms (cache revalidated)
npm http fetch GET 200 https://registry.npmjs.org/table 52ms (cache revalidated)
npm http fetch GET 200 https://registry.npmjs.org/uuid 59ms (cache revalidated)
npm http fetch GET 200 https://registry.npmjs.org/yargs 56ms (cache revalidated)
npm http fetch GET 200 https://registry.npmjs.org/windows-release 75ms (cache revalidated)
npm http fetch GET 200 https://registry.npmjs.org/tmp 44ms (cache revalidated)
npm http fetch GET 200 https://registry.npmjs.org/decompress 71ms (cache revalidated)
npm http fetch GET 200 https://registry.npmjs.org/winston 97ms (cache revalidated)
npm http fetch GET 200 https://registry.npmjs.org/arch 53ms (cache revalidated)
npm http fetch GET 200 https://registry.npmjs.org/execa 51ms (cache revalidated)
npm http fetch GET 200 https://registry.npmjs.org/debug 60ms (cache revalidated)
npm http fetch GET 200 https://registry.npmjs.org/is-ci 41ms (cache revalidated)
npm http fetch GET 200 https://registry.npmjs.org/getos 77ms (cache revalidated)
npm http fetch GET 200 https://registry.npmjs.org/getmac 333ms (cache revalidated)
npm http fetch GET 200 https://registry.npmjs.org/buffer 69ms (cache revalidated)
npm http fetch GET 200 https://registry.npmjs.org/listr2 69ms (cache revalidated)
npm http fetch GET 200 https://registry.npmjs.org/lodash 74ms (cache revalidated)
npm http fetch GET 200 https://registry.npmjs.org/semver 51ms (cache revalidated)
npm http fetch GET 200 https://registry.npmjs.org/figures 55ms (cache revalidated)
npm http fetch GET 200 https://registry.npmjs.org/bluebird 49ms (cache revalidated)
npm http fetch GET 200 https://registry.npmjs.org/cachedir 62ms (cache revalidated)
npm http fetch GET 200 https://registry.npmjs.org/enquirer 83ms (cache revalidated)
npm http fetch GET 200 https://registry.npmjs.org/minimist 55ms (cache revalidated)
npm http fetch GET 200 https://registry.npmjs.org/commander 42ms (cache revalidated)
npm http fetch GET 200 https://registry.npmjs.org/untildify 66ms (cache revalidated)
npm http fetch GET 200 https://registry.npmjs.org/cli-cursor 55ms (cache revalidated)
npm http fetch GET 200 https://registry.npmjs.org/async 721ms (cache revalidated)
npm http fetch GET 200 https://registry.npmjs.org/browserstack-local 724ms (cache revalidated)
npm http fetch GET 200 https://registry.npmjs.org/node-ipc 730ms (cache revalidated)
npm http fetch GET 200 https://registry.npmjs.org/git-last-commit 740ms (cache revalidated)
npm http fetch GET 200 https://registry.npmjs.org/git-repo-info 742ms (cache revalidated)
npm http fetch GET 200 https://registry.npmjs.org/mocha 748ms (cache revalidated)
npm http fetch GET 200 https://registry.npmjs.org/requestretry 699ms (cache revalidated)
npm http fetch GET 200 https://registry.npmjs.org/update-notifier 674ms (cache revalidated)
npm http fetch GET 200 https://registry.npmjs.org/executable 81ms (cache revalidated)
npm http fetch GET 200 https://registry.npmjs.org/proxy-from-env 41ms (cache revalidated)
npm http fetch GET 200 https://registry.npmjs.org/pretty-bytes 111ms (cache revalidated)
npm http fetch GET 200 https://registry.npmjs.org/eventemitter2 68ms (cache revalidated)
npm http fetch GET 200 https://registry.npmjs.org/supports-color 40ms (cache revalidated)
npm http fetch GET 200 https://registry.npmjs.org/dayjs 672ms (cache revalidated)
npm http fetch GET 200 https://registry.npmjs.org/yauzl 665ms (cache revalidated)
npm http fetch GET 200 https://registry.npmjs.org/ospath 641ms (cache revalidated)
npm http fetch GET 200 https://registry.npmjs.org/request-progress 68ms (cache revalidated)
npm http fetch GET 200 https://registry.npmjs.org/is-installed-globally 68ms (cache revalidated)
npm http fetch GET 200 https://registry.npmjs.org/process 655ms (cache revalidated)
npm http fetch GET 200 https://registry.npmjs.org/log-symbols 293ms (cache revalidated)
npm http fetch GET 200 https://registry.npmjs.org/common-tags 311ms (cache revalidated)
npm http fetch GET 200 https://registry.npmjs.org/lazy-ass 680ms (cache revalidated)
npm http fetch GET 200 https://registry.npmjs.org/check-more-types 261ms (cache revalidated)
npm http fetch GET 200 https://registry.npmjs.org/blob-util 661ms (cache revalidated)
npm http fetch GET 200 https://registry.npmjs.org/@cypress%2fxvfb 417ms (cache revalidated)
npm http fetch GET 200 https://registry.npmjs.org/extract-zip 657ms (cache revalidated)
npm http fetch GET 200 https://registry.npmjs.org/cli-table3 777ms (cache revalidated)
npm http fetch GET 200 https://registry.npmjs.org/mochawesome 641ms (cache revalidated)
npm http fetch GET 200 https://registry.npmjs.org/mochawesome-merge 638ms (cache revalidated)
npm http fetch GET 200 https://registry.npmjs.org/mochawesome-report-generator 664ms (cache revalidated)
npm http fetch GET 200 https://registry.npmjs.org/@types%2fsizzle 901ms (cache revalidated)
npm http fetch GET 200 https://registry.npmjs.org/@cypress%2frequest 1067ms (cache revalidated)
npm http fetch GET 200 https://registry.npmjs.org/@types%2fsinonjs__fake-timers 1289ms (cache revalidated)
npm http fetch GET 200 https://registry.npmjs.org/string-width 69ms (cache revalidated)
npm http fetch GET 200 https://registry.npmjs.org/readdir-glob 77ms (cache revalidated)
npm http fetch GET 200 https://registry.npmjs.org/tar-stream 82ms (cache revalidated)
npm http fetch GET 200 https://registry.npmjs.org/archiver-utils 89ms (cache revalidated)
npm http fetch GET 200 https://registry.npmjs.org/https-proxy-agent 91ms (cache revalidated)
npm http fetch GET 200 https://registry.npmjs.org/buffer-crc32 99ms (cache revalidated)
npm http fetch GET 200 https://registry.npmjs.org/agent-base 99ms (cache revalidated)
npm http fetch GET 200 https://registry.npmjs.org/readable-stream 108ms (cache revalidated)
npm http fetch GET 200 https://registry.npmjs.org/pify 43ms (cache revalidated)
npm http fetch GET 200 https://registry.npmjs.org/strip-dirs 64ms (cache revalidated)
npm http fetch GET 200 https://registry.npmjs.org/jsonfile 61ms (cache revalidated)
npm http fetch GET 200 https://registry.npmjs.org/decompress-targz 99ms (cache revalidated)
npm http fetch GET 200 https://registry.npmjs.org/make-dir 90ms (cache revalidated)
npm http fetch GET 200 https://registry.npmjs.org/universalify 44ms (cache revalidated)
npm http fetch GET 200 https://registry.npmjs.org/inherits 38ms (cache revalidated)
npm http fetch GET 200 https://registry.npmjs.org/once 60ms (cache revalidated)
npm http fetch GET 200 https://registry.npmjs.org/inflight 58ms (cache revalidated)
npm http fetch GET 200 https://registry.npmjs.org/@types%2fnode 110ms (cache revalidated)
npm http fetch GET 200 https://registry.npmjs.org/ps-tree 375ms (cache revalidated)
npm http fetch GET 200 https://registry.npmjs.org/fs.realpath 140ms (cache revalidated)
npm http fetch GET 200 https://registry.npmjs.org/decompress-unzip 301ms (cache revalidated)
npm http fetch GET 200 https://registry.npmjs.org/ansi-styles 375ms (cache revalidated)
npm http fetch GET 200 https://registry.npmjs.org/path-is-absolute 143ms (cache revalidated)
npm http fetch GET 200 https://registry.npmjs.org/graceful-fs 297ms (cache revalidated)
npm http fetch GET 200 https://registry.npmjs.org/minimatch 165ms (cache revalidated)
npm http fetch GET 200 https://registry.npmjs.org/js-yaml 43ms (cache revalidated)
npm http fetch GET 200 https://registry.npmjs.org/find-up 56ms (cache revalidated)
npm http fetch GET 200 https://registry.npmjs.org/he 55ms (cache revalidated)
npm http fetch GET 200 https://registry.npmjs.org/chokidar 64ms (cache revalidated)
npm http fetch GET 200 https://registry.npmjs.org/ansi-colors 82ms (cache revalidated)
npm http fetch GET 200 https://registry.npmjs.org/diff 79ms (cache revalidated)
npm http fetch GET 200 https://registry.npmjs.org/escape-string-regexp 82ms (cache revalidated)
npm http fetch GET 200 https://registry.npmjs.org/ms 53ms (cache revalidated)
npm http fetch GET 200 https://registry.npmjs.org/strip-json-comments 55ms (cache revalidated)
npm http fetch GET 200 https://registry.npmjs.org/serialize-javascript 62ms (cache revalidated)
npm http fetch GET 200 https://registry.npmjs.org/yargs-parser 50ms (cache revalidated)
npm http fetch GET 200 https://registry.npmjs.org/event-pubsub 57ms (cache revalidated)
npm http fetch GET 200 https://registry.npmjs.org/js-message 60ms (cache revalidated)
npm http fetch GET 200 https://registry.npmjs.org/aws-sign2 53ms (cache revalidated)
npm http fetch GET 200 https://registry.npmjs.org/caseless 40ms (cache revalidated)
npm http fetch GET 200 https://registry.npmjs.org/aws4 56ms (cache revalidated)
npm http fetch GET 200 https://registry.npmjs.org/combined-stream 33ms (cache revalidated)
npm http fetch GET 200 https://registry.npmjs.org/har-validator 34ms (cache revalidated)
npm http fetch GET 200 https://registry.npmjs.org/forever-agent 59ms (cache revalidated)
npm http fetch GET 200 https://registry.npmjs.org/extend 72ms (cache revalidated)
npm http fetch GET 200 https://registry.npmjs.org/form-data 70ms (cache revalidated)
npm http fetch GET 200 https://registry.npmjs.org/temp-fs 638ms (cache revalidated)
npm http fetch GET 200 https://registry.npmjs.org/decompress-tarbz2 650ms (cache revalidated)
npm http fetch GET 200 https://registry.npmjs.org/http-signature 47ms (cache revalidated)
npm http fetch GET 200 https://registry.npmjs.org/zip-stream 671ms (cache revalidated)
npm http fetch GET 200 https://registry.npmjs.org/is-running 675ms (cache revalidated)
npm http fetch GET 200 https://registry.npmjs.org/decompress-tar 669ms (cache revalidated)
npm http fetch GET 200 https://registry.npmjs.org/json-stringify-safe 47ms (cache revalidated)
npm http fetch GET 200 https://registry.npmjs.org/mime-types 46ms (cache revalidated)
npm http fetch GET 200 https://registry.npmjs.org/isstream 62ms (cache revalidated)
npm http fetch GET 200 https://registry.npmjs.org/is-typedarray 72ms (cache revalidated)
npm http fetch GET 200 https://registry.npmjs.org/yargs-unparser 260ms (cache revalidated)
npm http fetch GET 200 https://registry.npmjs.org/oauth-sign 63ms (cache revalidated)
npm http fetch GET 200 https://registry.npmjs.org/performance-now 53ms (cache revalidated)
npm http fetch GET 200 https://registry.npmjs.org/tough-cookie 52ms (cache revalidated)
npm http fetch GET 200 https://registry.npmjs.org/qs 60ms (cache revalidated)
npm http fetch GET 200 https://registry.npmjs.org/js-queue 245ms (cache revalidated)
npm http fetch GET 200 https://registry.npmjs.org/slice-ansi 53ms (cache revalidated)
npm http fetch GET 200 https://registry.npmjs.org/ajv 59ms (cache revalidated)
npm http fetch GET 200 https://registry.npmjs.org/tunnel-agent 74ms (cache revalidated)
npm http fetch GET 200 https://registry.npmjs.org/graceful-fs 677ms (cache revalidated)
npm http fetch GET 200 https://registry.npmjs.org/xdg-basedir 77ms (cache revalidated)
npm http fetch GET 200 https://registry.npmjs.org/latest-version 70ms (cache revalidated)
npm http fetch GET 200 https://registry.npmjs.org/semver-diff 86ms (cache revalidated)
npm http fetch GET 200 https://registry.npmjs.org/ini 665ms (cache revalidated)
npm http fetch GET 200 https://registry.npmjs.org/y18n 44ms (cache revalidated)
npm http fetch GET 200 https://registry.npmjs.org/import-lazy 146ms (cache revalidated)
npm http fetch GET 200 https://registry.npmjs.org/cliui 51ms (cache revalidated)
npm http fetch GET 200 https://registry.npmjs.org/set-blocking 41ms (cache revalidated)
npm http fetch GET 200 https://registry.npmjs.org/which-module 44ms (cache revalidated)
npm http fetch GET 200 https://registry.npmjs.org/decamelize 63ms (cache revalidated)
npm http fetch GET 200 https://registry.npmjs.org/safe-buffer 287ms (cache revalidated)
npm http fetch GET 200 https://registry.npmjs.org/is-in-ci 276ms (cache revalidated)
npm http fetch GET 200 https://registry.npmjs.org/require-main-filename 64ms (cache revalidated)
npm http fetch GET 200 https://registry.npmjs.org/configstore 295ms (cache revalidated)
npm http fetch GET 200 https://registry.npmjs.org/cycle 260ms (cache revalidated)
npm http fetch GET 200 https://registry.npmjs.org/require-directory 105ms (cache revalidated)
npm http fetch GET 200 https://registry.npmjs.org/browser-stdout 674ms (cache revalidated)
npm http fetch GET 200 https://registry.npmjs.org/colors 264ms (cache revalidated)
npm http fetch GET 200 https://registry.npmjs.org/stack-trace 264ms (cache revalidated)
npm http fetch GET 200 https://registry.npmjs.org/workerpool 667ms (cache revalidated)
npm http fetch GET 200 https://registry.npmjs.org/pupa 676ms (cache revalidated)
npm http fetch GET 200 https://registry.npmjs.org/boxen 653ms (cache revalidated)
npm http fetch GET 200 https://registry.npmjs.org/is-npm 691ms (cache revalidated)
npm http fetch GET 200 https://registry.npmjs.org/eyes 658ms (cache revalidated)
npm http fetch GET 200 https://registry.npmjs.org/get-caller-file 653ms (cache revalidated)
npm http fetch GET 200 https://registry.npmjs.org/end-of-stream 47ms (cache revalidated)
npm http fetch GET 200 https://registry.npmjs.org/util-deprecate 62ms (cache revalidated)
npm http fetch GET 200 https://registry.npmjs.org/string_decoder 78ms (cache revalidated)
npm http fetch GET 200 https://registry.npmjs.org/normalize-path 80ms (cache revalidated)
npm http fetch GET 200 https://registry.npmjs.org/lazystream 88ms (cache revalidated)
npm http fetch GET 200 https://registry.npmjs.org/fs-constants 82ms (cache revalidated)
npm http fetch GET 200 https://registry.npmjs.org/lodash.difference 90ms (cache revalidated)
npm http fetch GET 200 https://registry.npmjs.org/lodash.flatten 113ms (cache revalidated)
npm http fetch GET 200 https://registry.npmjs.org/lodash.union 162ms (cache revalidated)
npm http fetch GET 200 https://registry.npmjs.org/bl 266ms (cache revalidated)
npm http fetch GET 200 https://registry.npmjs.org/lodash.isplainobject 290ms (cache revalidated)
npm http fetch GET 200 https://registry.npmjs.org/lodash.defaults 659ms (cache revalidated)
npm http fetch GET 200 https://registry.npmjs.org/compress-commons 667ms (cache revalidated)
npm http fetch GET 200 https://registry.npmjs.org/isarray 49ms (cache revalidated)
npm http fetch GET 200 https://registry.npmjs.org/process-nextick-args 61ms (cache revalidated)
npm http fetch GET 200 https://registry.npmjs.org/core-util-is 87ms (cache revalidated)
npm http fetch GET 200 https://registry.npmjs.org/rimraf 48ms (cache revalidated)
npm http fetch GET 200 https://registry.npmjs.org/event-stream 56ms (cache revalidated)
npm http fetch GET 200 https://registry.npmjs.org/has-flag 85ms (cache revalidated)
npm http fetch GET 200 https://registry.npmjs.org/color-convert 666ms (cache revalidated)
npm http fetch GET 200 https://registry.npmjs.org/color-name 258ms (cache revalidated)
npm http fetch GET 200 https://registry.npmjs.org/is-fullwidth-code-point 41ms (cache revalidated)
npm http fetch GET 200 https://registry.npmjs.org/emoji-regex 43ms (cache revalidated)
npm http fetch GET 200 https://registry.npmjs.org/strip-ansi 51ms (cache revalidated)
npm http fetch GET 200 https://registry.npmjs.org/onetime 54ms (cache revalidated)
npm http fetch GET 200 https://registry.npmjs.org/is-stream 55ms (cache revalidated)
npm http fetch GET 200 https://registry.npmjs.org/npm-run-path 63ms (cache revalidated)
npm http fetch GET 200 https://registry.npmjs.org/merge-stream 68ms (cache revalidated)
npm http fetch GET 200 https://registry.npmjs.org/cross-spawn 70ms (cache revalidated)
npm http fetch GET 200 https://registry.npmjs.org/get-stream 79ms (cache revalidated)
npm http fetch GET 200 https://registry.npmjs.org/human-signals 81ms (cache revalidated)
npm http fetch GET 200 https://registry.npmjs.org/signal-exit 93ms (cache revalidated)
npm http fetch GET 200 https://registry.npmjs.org/get-stream 96ms (cache revalidated)
npm http fetch GET 200 https://registry.npmjs.org/at-least-node 47ms (cache revalidated)
npm http fetch GET 200 https://registry.npmjs.org/ci-info 41ms (cache revalidated)
npm http fetch GET 200 https://registry.npmjs.org/restore-cursor 121ms (cache revalidated)
npm http fetch GET 200 https://registry.npmjs.org/rxjs 36ms (cache revalidated)
npm http fetch GET 200 https://registry.npmjs.org/global-dirs 70ms (cache revalidated)
npm http fetch GET 200 https://registry.npmjs.org/is-path-inside 93ms (cache revalidated)
npm http fetch GET 200 https://registry.npmjs.org/through 68ms (cache revalidated)
npm http fetch GET 200 https://registry.npmjs.org/cli-truncate 48ms (cache revalidated)
npm http fetch GET 200 https://registry.npmjs.org/wrap-ansi 86ms (cache revalidated)
npm http fetch GET 200 https://registry.npmjs.org/throttleit 100ms (cache revalidated)
npm http fetch GET 200 https://registry.npmjs.org/fd-slicer 105ms (cache revalidated)
npm http fetch GET 200 https://registry.npmjs.org/lodash.once 673ms (cache revalidated)
npm http fetch GET 200 https://registry.npmjs.org/ieee754 676ms (cache revalidated)
npm http fetch GET 200 https://registry.npmjs.org/strip-final-newline 679ms (cache revalidated)
npm http fetch GET 200 https://registry.npmjs.org/base64-js 711ms (cache revalidated)
npm http fetch GET 200 https://registry.npmjs.org/rfdc 656ms (cache revalidated)
npm http fetch GET 200 https://registry.npmjs.org/log-update 650ms (cache revalidated)
npm http fetch GET 200 https://registry.npmjs.org/colorette 668ms (cache revalidated)
npm http fetch GET 200 https://registry.npmjs.org/p-map 676ms (cache revalidated)
npm http fetch GET 200 https://registry.npmjs.org/is-unicode-supported 657ms (cache revalidated)
npm http fetch GET 200 https://registry.npmjs.org/@types%2fyauzl 875ms (cache revalidated)
npm http fetch GET 200 https://registry.npmjs.org/@colors%2fcolors 1500ms (cache revalidated)
npm http fetch GET 200 https://registry.npmjs.org/mime-db 50ms (cache revalidated)
npm http fetch GET 200 https://registry.npmjs.org/psl 56ms (cache revalidated)
npm http fetch GET 200 https://registry.npmjs.org/punycode 58ms (cache revalidated)
npm http fetch GET 200 https://registry.npmjs.org/url-parse 64ms (cache revalidated)
npm http fetch GET 200 https://registry.npmjs.org/asynckit 70ms (cache revalidated)
npm http fetch GET 200 https://registry.npmjs.org/delayed-stream 73ms (cache revalidated)
npm http fetch GET 200 https://registry.npmjs.org/sshpk 72ms (cache revalidated)
npm http fetch GET 200 https://registry.npmjs.org/side-channel 91ms (cache revalidated)
npm http fetch GET 200 https://registry.npmjs.org/assert-plus 111ms (cache revalidated)
npm http fetch GET 200 https://registry.npmjs.org/jsprim 671ms (cache revalidated)
npm http fetch GET 200 https://registry.npmjs.org/prop-types 49ms (cache revalidated)
npm http fetch GET 200 https://registry.npmjs.org/lodash.isobject 71ms (cache revalidated)
npm http fetch GET 200 https://registry.npmjs.org/lodash.isstring 78ms (cache revalidated)
npm http fetch GET 200 https://registry.npmjs.org/lodash.isfunction 87ms (cache revalidated)
npm http fetch GET 200 https://registry.npmjs.org/validator 99ms (cache revalidated)
npm http fetch GET 200 https://registry.npmjs.org/opener 273ms (cache revalidated)
npm http fetch GET 200 https://registry.npmjs.org/tcomb-validation 298ms (cache revalidated)
npm http fetch GET 200 https://registry.npmjs.org/escape-html 670ms (cache revalidated)
npm http fetch GET 200 https://registry.npmjs.org/lodash.isempty 677ms (cache revalidated)
npm http fetch GET 200 https://registry.npmjs.org/dateformat 679ms (cache revalidated)
npm http fetch GET 200 https://registry.npmjs.org/fsu 683ms (cache revalidated)
npm http fetch GET 200 https://registry.npmjs.org/tcomb 690ms (cache revalidated)
npm http fetch GET 200 https://registry.npmjs.org/file-type 72ms (cache revalidated)
npm http fetch GET 200 https://registry.npmjs.org/file-type 79ms (cache revalidated)
npm http fetch GET 200 https://registry.npmjs.org/unbzip2-stream 83ms (cache revalidated)
npm http fetch GET 200 https://registry.npmjs.org/file-type 84ms (cache revalidated)
npm http fetch GET 200 https://registry.npmjs.org/is-natural-number 196ms (cache revalidated)
npm http fetch GET 200 https://registry.npmjs.org/seek-bzip 702ms (cache revalidated)
npm http fetch GET 200 https://registry.npmjs.org/buffer-alloc 99ms (cache revalidated)
npm http fetch GET 200 https://registry.npmjs.org/xtend 115ms (cache revalidated)
npm http fetch GET 200 https://registry.npmjs.org/to-buffer 306ms (cache revalidated)
npm http fetch GET 200 https://registry.npmjs.org/object-assign 39ms (cache revalidated)
npm http fetch GET 200 https://registry.npmjs.org/pinkie-promise 78ms (cache revalidated)
npm http fetch GET 200 https://registry.npmjs.org/ansi-regex 46ms (cache revalidated)
npm http fetch GET 200 https://registry.npmjs.org/path-key 41ms (cache revalidated)
npm http fetch GET 200 https://registry.npmjs.org/pump 45ms (cache revalidated)
npm http fetch GET 200 https://registry.npmjs.org/shebang-command 47ms (cache revalidated)
npm http fetch GET 200 https://registry.npmjs.org/path-key 50ms (cache revalidated)
npm http fetch GET 200 https://registry.npmjs.org/which 52ms (cache revalidated)
npm http fetch GET 200 https://registry.npmjs.org/mimic-fn 121ms (cache revalidated)
npm http fetch GET 200 https://registry.npmjs.org/shebang-regex 39ms (cache revalidated)
npm http fetch GET 200 https://registry.npmjs.org/isexe 50ms (cache revalidated)
npm http fetch GET 200 https://registry.npmjs.org/undici-types 64ms (cache revalidated)
npm http fetch GET 200 https://registry.npmjs.org/pinkie 691ms (cache revalidated)
npm http fetch GET 200 https://registry.npmjs.org/wrappy 52ms (cache revalidated)
npm http fetch GET 200 https://registry.npmjs.org/brace-expansion 59ms (cache revalidated)
npm http fetch GET 200 https://registry.npmjs.org/safer-buffer 79ms (cache revalidated)
npm http fetch GET 200 https://registry.npmjs.org/dashdash 88ms (cache revalidated)
npm http fetch GET 200 https://registry.npmjs.org/jsbn 89ms (cache revalidated)
npm http fetch GET 200 https://registry.npmjs.org/ecc-jsbn 102ms (cache revalidated)
npm http fetch GET 200 https://registry.npmjs.org/json-schema 129ms (cache revalidated)
npm http fetch GET 200 https://registry.npmjs.org/extsprintf 268ms (cache revalidated)
npm http fetch GET 200 https://registry.npmjs.org/bcrypt-pbkdf 265ms (cache revalidated)
npm http fetch GET 200 https://registry.npmjs.org/tweetnacl 268ms (cache revalidated)
npm http fetch GET 200 https://registry.npmjs.org/verror 289ms (cache revalidated)
npm http fetch GET 200 https://registry.npmjs.org/asn1 681ms (cache revalidated)
npm http fetch GET 200 https://registry.npmjs.org/getpass 701ms (cache revalidated)
npm http fetch GET 200 https://registry.npmjs.org/ansi-escapes 41ms (cache revalidated)
npm http fetch GET 200 https://registry.npmjs.org/tslib 57ms (cache revalidated)
npm http fetch GET 200 https://registry.npmjs.org/aggregate-error 678ms (cache revalidated)
npm http fetch GET 200 https://registry.npmjs.org/astral-regex 75ms (cache revalidated)
npm http fetch GET 200 https://registry.npmjs.org/type-fest 833ms (cache revalidated)
npm http fetch GET 200 https://registry.npmjs.org/concat-map 33ms (cache revalidated)
npm http fetch GET 200 https://registry.npmjs.org/balanced-match 39ms (cache revalidated)
npm http fetch GET 200 https://registry.npmjs.org/braces 65ms (cache revalidated)
npm http fetch GET 200 https://registry.npmjs.org/is-binary-path 75ms (cache revalidated)
npm http fetch GET 200 https://registry.npmjs.org/anymatch 77ms (cache revalidated)
npm http fetch GET 200 https://registry.npmjs.org/readdirp 75ms (cache revalidated)
npm http fetch GET 200 https://registry.npmjs.org/locate-path 77ms (cache revalidated)
npm http fetch GET 200 https://registry.npmjs.org/camelcase 73ms (cache revalidated)
npm http fetch GET 200 https://registry.npmjs.org/is-glob 82ms (cache revalidated)
npm http fetch GET 200 https://registry.npmjs.org/glob-parent 84ms (cache revalidated)
npm http fetch GET 200 https://registry.npmjs.org/fsevents 83ms (cache revalidated)
npm http fetch GET 200 https://registry.npmjs.org/argparse 85ms (cache revalidated)
npm http fetch GET 200 https://registry.npmjs.org/is-plain-obj 86ms (cache revalidated)
npm http fetch GET 200 https://registry.npmjs.org/path-exists 93ms (cache revalidated)
npm http fetch GET 200 https://registry.npmjs.org/escalade 99ms (cache revalidated)
npm http fetch GET 200 https://registry.npmjs.org/flat 275ms (cache revalidated)
npm http fetch GET 200 https://registry.npmjs.org/randombytes 286ms (cache revalidated)
npm http fetch GET 200 https://registry.npmjs.org/fill-range 44ms (cache revalidated)
npm http fetch GET 200 https://registry.npmjs.org/is-extglob 45ms (cache revalidated)
npm http fetch GET 200 https://registry.npmjs.org/binary-extensions 51ms (cache revalidated)
npm http fetch GET 200 https://registry.npmjs.org/picomatch 55ms (cache revalidated)
npm http fetch GET 200 https://registry.npmjs.org/picomatch 65ms (cache revalidated)
npm http fetch GET 200 https://registry.npmjs.org/to-regex-range 675ms (cache revalidated)
npm http fetch GET 200 https://registry.npmjs.org/is-number 255ms (cache revalidated)
npm http fetch GET 200 https://registry.npmjs.org/p-locate 61ms (cache revalidated)
npm http fetch GET 200 https://registry.npmjs.org/p-limit 35ms (cache revalidated)
npm http fetch GET 200 https://registry.npmjs.org/react-is 46ms (cache revalidated)
npm http fetch GET 200 https://registry.npmjs.org/loose-envify 265ms (cache revalidated)
npm http fetch GET 200 https://registry.npmjs.org/easy-stack 643ms (cache revalidated)
npm http fetch GET 200 https://registry.npmjs.org/yocto-queue 659ms (cache revalidated)
npm http fetch GET 200 https://registry.npmjs.org/indent-string 115ms (cache revalidated)
npm http fetch GET 200 https://registry.npmjs.org/clean-stack 264ms (cache revalidated)
npm http fetch GET 200 https://registry.npmjs.org/js-tokens 33ms (cache revalidated)
npm http fetch GET 200 https://registry.npmjs.org/duplexer 39ms (cache revalidated)
npm http fetch GET 200 https://registry.npmjs.org/stream-combiner 109ms (cache revalidated)
npm http fetch GET 200 https://registry.npmjs.org/map-stream 113ms (cache revalidated)
npm http fetch GET 200 https://registry.npmjs.org/split 252ms (cache revalidated)
npm http fetch GET 200 https://registry.npmjs.org/pause-stream 667ms (cache revalidated)
npm http fetch GET 200 https://registry.npmjs.org/from 678ms (cache revalidated)
npm http fetch GET 200 https://registry.npmjs.org/call-bind 52ms (cache revalidated)
npm http fetch GET 200 https://registry.npmjs.org/object-inspect 56ms (cache revalidated)
npm http fetch GET 200 https://registry.npmjs.org/get-intrinsic 97ms (cache revalidated)
npm http fetch GET 200 https://registry.npmjs.org/es-errors 670ms (cache revalidated)
npm http fetch GET 200 https://registry.npmjs.org/har-schema 58ms (cache revalidated)
npm http fetch GET 200 https://registry.npmjs.org/json-schema-traverse 42ms (cache revalidated)
npm http fetch GET 200 https://registry.npmjs.org/uri-js 44ms (cache revalidated)
npm http fetch GET 200 https://registry.npmjs.org/fast-json-stable-stringify 43ms (cache revalidated)
npm http fetch GET 200 https://registry.npmjs.org/fast-deep-equal 57ms (cache revalidated)
npm http fetch GET 200 https://registry.npmjs.org/function-bind 60ms (cache revalidated)
npm http fetch GET 200 https://registry.npmjs.org/has-symbols 71ms (cache revalidated)
npm http fetch GET 200 https://registry.npmjs.org/hasown 72ms (cache revalidated)
npm http fetch GET 200 https://registry.npmjs.org/has-proto 79ms (cache revalidated)
npm http fetch GET 200 https://registry.npmjs.org/set-function-length 81ms (cache revalidated)
npm http fetch GET 200 https://registry.npmjs.org/es-define-property 86ms (cache revalidated)
npm http fetch GET 200 https://registry.npmjs.org/define-data-property 66ms (cache revalidated)
npm http fetch GET 200 https://registry.npmjs.org/has-property-descriptors 67ms (cache revalidated)
npm http fetch GET 200 https://registry.npmjs.org/gopd 88ms (cache revalidated)
npm http fetch GET 200 https://registry.npmjs.org/requires-port 39ms (cache revalidated)
npm http fetch GET 200 https://registry.npmjs.org/querystringify 46ms (cache revalidated)
npm http fetch GET 200 https://registry.npmjs.org/dot-prop 55ms (cache revalidated)
npm http fetch GET 200 https://registry.npmjs.org/write-file-atomic 55ms (cache revalidated)
npm http fetch GET 200 https://registry.npmjs.org/unique-string 65ms (cache revalidated)
npm http fetch GET 200 https://registry.npmjs.org/escape-goat 69ms (cache revalidated)
npm http fetch GET 200 https://registry.npmjs.org/ansi-align 76ms (cache revalidated)
npm http fetch GET 200 https://registry.npmjs.org/widest-line 263ms (cache revalidated)
npm http fetch GET 200 https://registry.npmjs.org/package-json 269ms (cache revalidated)
npm http fetch GET 200 https://registry.npmjs.org/cli-boxes 672ms (cache revalidated)
npm http fetch GET 200 https://registry.npmjs.org/eastasianwidth 695ms (cache revalidated)
npm http fetch GET 200 https://registry.npmjs.org/imurmurhash 51ms (cache revalidated)
npm http fetch GET 200 https://registry.npmjs.org/is-obj 57ms (cache revalidated)
npm http fetch GET 200 https://registry.npmjs.org/crypto-random-string 654ms (cache revalidated)
npm http fetch GET 200 https://registry.npmjs.org/typedarray-to-buffer 669ms (cache revalidated)
npm http fetch GET 200 https://registry.npmjs.org/got 62ms (cache revalidated)
npm http fetch GET 200 https://registry.npmjs.org/registry-url 649ms (cache revalidated)
npm http fetch GET 200 https://registry.npmjs.org/registry-auth-token 677ms (cache revalidated)
npm http fetch GET 200 https://registry.npmjs.org/http2-wrapper 70ms (cache revalidated)
npm http fetch GET 200 https://registry.npmjs.org/p-cancelable 74ms (cache revalidated)
npm http fetch GET 200 https://registry.npmjs.org/responselike 83ms (cache revalidated)
npm http fetch GET 200 https://registry.npmjs.org/cacheable-lookup 268ms (cache revalidated)
npm http fetch GET 200 https://registry.npmjs.org/decompress-response 289ms (cache revalidated)
npm http fetch GET 200 https://registry.npmjs.org/@szmarczak%2fhttp-timer 292ms (cache revalidated)
npm http fetch GET 200 https://registry.npmjs.org/@sindresorhus%2fis 543ms (cache revalidated)
npm http fetch GET 200 https://registry.npmjs.org/form-data-encoder 667ms (cache revalidated)
npm http fetch GET 200 https://registry.npmjs.org/rc 665ms (cache revalidated)
npm http fetch GET 200 https://registry.npmjs.org/cacheable-request 757ms (cache revalidated)
npm http fetch GET 200 https://registry.npmjs.org/lowercase-keys 772ms (cache revalidated)
npm http fetch GET 200 https://registry.npmjs.org/@pnpm%2fnpm-conf 1036ms (cache revalidated)
npm http fetch GET 200 https://registry.npmjs.org/mimic-response 66ms (cache revalidated)
npm http fetch GET 200 https://registry.npmjs.org/mimic-response 75ms (cache revalidated)
npm http fetch GET 200 https://registry.npmjs.org/normalize-url 76ms (cache revalidated)
npm http fetch GET 200 https://registry.npmjs.org/keyv 78ms (cache revalidated)
npm http fetch GET 200 https://registry.npmjs.org/http-cache-semantics 92ms (cache revalidated)
npm http fetch GET 200 https://registry.npmjs.org/resolve-alpn 99ms (cache revalidated)
npm http fetch GET 200 https://registry.npmjs.org/defer-to-connect 161ms (cache revalidated)
npm http fetch GET 200 https://registry.npmjs.org/quick-lru 281ms (cache revalidated)
npm http fetch GET 200 https://registry.npmjs.org/@types%2fhttp-cache-semantics 925ms (cache revalidated)
npm http fetch GET 200 https://registry.npmjs.org/json-buffer 51ms (cache revalidated)
npm http fetch GET 200 https://registry.npmjs.org/config-chain 68ms (cache revalidated)
npm http fetch GET 200 https://registry.npmjs.org/@pnpm%2fconfig.env-replace 502ms (cache revalidated)
npm http fetch GET 200 https://registry.npmjs.org/@pnpm%2fnetwork.ca-file 1513ms (cache revalidated)
npm http fetch GET 200 https://registry.npmjs.org/proto-list 60ms (cache revalidated)
npm http fetch GET 200 https://registry.npmjs.org/deep-extend 251ms (cache revalidated)
npm http fetch GET 200 https://registry.npmjs.org/pend 637ms (cache revalidated)
npm http fetch GET 200 https://registry.npmjs.org/crc32-stream 266ms (cache revalidated)
npm http fetch GET 200 https://registry.npmjs.org/crc-32 670ms (cache revalidated)
npm http fetch GET 200 https://registry.npmjs.org/buffer-alloc-unsafe 688ms (cache revalidated)
npm http fetch GET 200 https://registry.npmjs.org/buffer-fill 717ms (cache revalidated)
npm http fetch GET 200 https://registry.npmjs.org/p-try 74ms (cache revalidated)
npm verb reify failed optional dependency C:\PGATS_WEB\tmpBstackPackages\node_modules\fsevents
npm http fetch POST 200 https://registry.npmjs.org/-/npm/v1/security/advisories/bulk 583ms
npm WARN deprecated inflight@1.0.6: This module is not supported, and leaks memory. Do not use it. Check out lru-cache if you want a good and tested way to coalesce async requests by a key value, which is much more comprehensive and powerful.
npm WARN deprecated rimraf@2.5.4: Rimraf versions prior to v4 are no longer supported
npm WARN deprecated har-validator@5.1.5: this library is no longer supported
npm WARN deprecated glob@7.2.3: Glob versions prior to v9 are no longer supported
npm WARN deprecated glob@8.1.0: Glob versions prior to v9 are no longer supported
npm WARN deprecated uuid@3.4.0: Please upgrade  to version 7 or higher.  Older versions may use Math.random() in certain circumstances, which is known to be problematic.  See https://v8.dev/blog/math-random for details.
npm WARN deprecated request@2.88.2: request has been deprecated, see https://github.com/request/request/issues/3142
npm info run cypress@13.13.2 postinstall node_modules/cypress node index.js --exec install
npm info run cypress@13.13.2 postinstall { code: 0, signal: null }

added 501 packages, and audited 502 packages in 37s

96 packages are looking for funding
  run `npm fund` for details

3 moderate severity vulnerabilities

To address all issues (including breaking changes), run:
  npm audit fix --force

Run `npm audit` for details.
npm verb exit 0
npm info ok 
